Script ran successfully.

== Logs ==
  Deploying with: 0xb3C8Ec7c00Ca69e2B456382C46711153f80854e0
  USDC: 0x255E399D1603A7128566BEeAc879DABEe2E55369
  GovernanceToken: 0x016554306E584C52d0B61B891EFC736468ca4f88
  Timelock: 0x71C12f264B677451fCd549e38357f1cfBc83c26e
  Governor: 0x72d3968342d2674Ad787Eca7cE1EED1356a2D211
  CouncilRegistry: 0x243c3904B526C90B146785bc33708f1F0621f13D
  ReputationSBT: 0xCE500BC5810CfCFCf400C97722CD565640D4d41F
  SkillSBT: 0x861fcc9Dc3414062c0957F4795a8B55760e06300
  UserRegistry: 0x08c24ab12B38BdB97976f634865aCC0e3E8C34a8
  Treasury: 0xF234cf814b88e0B1A3A119996C8d13aeBc378bB5
  JobContract: 0xCC9C13c3b199D14fb73C9BB6d89D922Cd182839C
  Box: 0x4d00b7cf460544A1A28807168573aAe5B59ECcA5

## Setting up 1 EVM.

==========================

Chain 84532

Estimated gas price: 0.0014 gwei

Estimated total gas used for script: 19662657

Estimated amount required: 0.0000275277198 ETH

==========================

##### base-sepolia
✅  [Success] Hash: 0x8ee42c5ca2f5dab6ea566888ff1a13934672c22dad48e8d9fda8615b28d31491
Block: 36279559
Paid: 0.000000061266 ETH (51055 gas * 0.0012 gwei)


##### base-sepolia
✅  [Success] Hash: 0x5bad77da2c4862ad717d857abe97f8d0fb97b190bdc45f7f08a12e503623b818
Contract Address: 0x243c3904B526C90B146785bc33708f1F0621f13D
Block: 36279559
Paid: 0.0000004197228 ETH (349769 gas * 0.0012 gwei)


##### base-sepolia
✅  [Success] Hash: 0x9b6e7f97b01df75d96d4c227c465d5bfec2bd1691e4fe45bce7e3c888d8b1030
Contract Address: 0x861fcc9Dc3414062c0957F4795a8B55760e06300
Block: 36279559
Paid: 0.0000015863424 ETH (1321952 gas * 0.0012 gwei)


##### base-sepolia
✅  [Success] Hash: 0xd90224d2392cda6db73028478a60e1be803ef89ccb26fd0932d9314295987c74
Contract Address: 0x71C12f264B677451fCd549e38357f1cfBc83c26e
Block: 36279559
Paid: 0.0000016813188 ETH (1401099 gas * 0.0012 gwei)


##### base-sepolia
✅  [Success] Hash: 0x7418b19a69d6983f62fcf3fcf0805bc160d98261d07ee7fc9b0789e87f2dd310
Contract Address: 0x016554306E584C52d0B61B891EFC736468ca4f88
Block: 36279559
Paid: 0.000002185422 ETH (1821185 gas * 0.0012 gwei)


##### base-sepolia
✅  [Success] Hash: 0xd4aa8110fa74a11076b63223b7d27021319633e3e597619811a337d977ef3d42
Block: 36279559
Paid: 0.000000029514 ETH (24595 gas * 0.0012 gwei)


##### base-sepolia
✅  [Success] Hash: 0xd9b55eeb50be5ba25228c92d3776ff5cc736e07aa17d91489940675a77e96229
Contract Address: 0xF234cf814b88e0B1A3A119996C8d13aeBc378bB5
Block: 36279559
Paid: 0.000000583164 ETH (485970 gas * 0.0012 gwei)


##### base-sepolia
✅  [Success] Hash: 0xdf904d5c9b121766841183b9a8cbcd95cc9221a5c38fb7407cebee88f81b55a4
Contract Address: 0x72d3968342d2674Ad787Eca7cE1EED1356a2D211
Block: 36279559
Paid: 0.0000039609204 ETH (3300767 gas * 0.0012 gwei)


##### base-sepolia
✅  [Success] Hash: 0x4f97dd837472de144c47c1304331eb93b26859ce4f151002a19ea6813719a0d3
Block: 36279559
Paid: 0.000000061554 ETH (51295 gas * 0.0012 gwei)


##### base-sepolia
✅  [Success] Hash: 0xa32432601591b9350e1ddfbbe65531a25af4d33ad9ceb94fdab50e0cfeafbe60
Block: 36279559
Paid: 0.0000000563388 ETH (46949 gas * 0.0012 gwei)


##### base-sepolia
✅  [Success] Hash: 0xa8726f8b78460a9ae4a2193ae7cf1da56ba4169ad4eae1eef0091ce5841289e9
Block: 36279559
Paid: 0.000000026448 ETH (22040 gas * 0.0012 gwei)


##### base-sepolia
✅  [Success] Hash: 0xa6836451efed544d3a411151e5f2e342e092d27d04ac858ca396829dcfc8cb71
Contract Address: 0x4d00b7cf460544A1A28807168573aAe5B59ECcA5
Block: 36279559
Paid: 0.0000002376648 ETH (198054 gas * 0.0012 gwei)


##### base-sepolia
✅  [Success] Hash: 0xb2b96002f857bb010590cdfa2dfb28d66e3d68de2d1a7df938ed24f6b42b7d1d
Contract Address: 0xCE500BC5810CfCFCf400C97722CD565640D4d41F
Block: 36279559
Paid: 0.0000021172848 ETH (1764404 gas * 0.0012 gwei)


##### base-sepolia
✅  [Success] Hash: 0xbd2c3566fc8be1e12b0c4de560001abaa85893bdc253688aa8d7eae982a6632c
Contract Address: 0xCC9C13c3b199D14fb73C9BB6d89D922Cd182839C
Block: 36279559
Paid: 0.000003969768 ETH (3308140 gas * 0.0012 gwei)


##### base-sepolia
✅  [Success] Hash: 0x96b9c43c96939edc3e198b029baffda161360b96b266ad304c757cca9e9ae240
Contract Address: 0x08c24ab12B38BdB97976f634865aCC0e3E8C34a8
Block: 36279559
Paid: 0.0000005659236 ETH (471603 gas * 0.0012 gwei)


##### base-sepolia
✅  [Success] Hash: 0xad83ed7ae6e211b2874b6bdeee5cd5b3d2e94227d7cc6184ff350f6e28976e39
Contract Address: 0x255E399D1603A7128566BEeAc879DABEe2E55369
Block: 36279559
Paid: 0.0000005909628 ETH (492469 gas * 0.0012 gwei)

✅ Sequence #1 on base-sepolia | Total Paid: 0.0000181336152 ETH (15111346 gas * avg 0.0012 gwei)